<?xml version="1.0" encoding="UTF-8"?>
<testng-results ignored="0" total="1" passed="0" failed="1" skipped="0">
  <reporter-output>
    <line>
      <![CDATA[All States1725017319]]>
    </line>
  </reporter-output>
  <suite started-at="2023-10-12T13:49:23 IST" name="Suite" finished-at="2023-10-12T13:49:33 IST" duration-ms="9130">
    <groups>
      <group name="RegressionSuite">
        <method signature="OrganizationTest.OrganizationPage1()[pri:0, instance:com.organization.OrganizationTest@57a78e3]" name="OrganizationPage1" class="com.organization.OrganizationTest"/>
      </group> <!-- RegressionSuite -->
      <group name="SmokeSuite">
        <method signature="OrganizationTest.OrganizationPage1()[pri:0, instance:com.organization.OrganizationTest@57a78e3]" name="OrganizationPage1" class="com.organization.OrganizationTest"/>
      </group> <!-- SmokeSuite -->
    </groups>
    <test started-at="2023-10-12T13:49:23 IST" name="Test-Runner-2" finished-at="2023-10-12T13:49:33 IST" duration-ms="9130">
      <class name="com.organization.ReadMultipleDataProviderTest">
        <test-method is-config="true" signature="bsconfiguration()[pri:0, instance:com.organization.ReadMultipleDataProviderTest@7bd7d6d6]" started-at="2023-10-12T13:49:23 IST" name="bsconfiguration" finished-at="2023-10-12T13:49:23 IST" duration-ms="12" status="PASS">
          <reporter-output>
          </reporter-output>
        </test-method> <!-- bsconfiguration -->
        <test-method is-config="true" signature="bcconfiguration()[pri:0, instance:com.organization.ReadMultipleDataProviderTest@7bd7d6d6]" started-at="2023-10-12T13:49:23 IST" name="bcconfiguration" finished-at="2023-10-12T13:49:30 IST" duration-ms="6643" status="PASS">
          <reporter-output>
          </reporter-output>
        </test-method> <!-- bcconfiguration -->
        <test-method signature="readmultipledata(java.lang.String,java.lang.String)[pri:0, instance:com.organization.ReadMultipleDataProviderTest@7bd7d6d6]" started-at="2023-10-12T13:49:31 IST" name="readmultipledata" data-provider="getData" finished-at="2023-10-12T13:49:31 IST" duration-ms="0" status="FAIL">
          <exception class="java.lang.RuntimeException">
            <message>
              <![CDATA[java.lang.NegativeArraySizeException: -1]]>
            </message>
            <full-stacktrace>
              <![CDATA[java.lang.RuntimeException: java.lang.NegativeArraySizeException: -1
at org.testng.internal.invokers.MethodInvocationHelper.invokeMethodNoCheckedException(MethodInvocationHelper.java:57)
at org.testng.internal.invokers.MethodInvocationHelper.invokeDataProvider(MethodInvocationHelper.java:157)
at org.testng.internal.Parameters.handleParameters(Parameters.java:803)
at org.testng.internal.Parameters.handleParameters(Parameters.java:728)
at org.testng.internal.invokers.ParameterHandler.handleParameters(ParameterHandler.java:72)
at org.testng.internal.invokers.ParameterHandler.createParameters(ParameterHandler.java:51)
at org.testng.internal.invokers.TestInvoker$MethodInvocationAgent.invoke(TestInvoker.java:911)
at org.testng.internal.invokers.TestInvoker.invokeTestMethods(TestInvoker.java:200)
at org.testng.internal.invokers.TestMethodWorker.invokeTestMethods(TestMethodWorker.java:148)
at org.testng.internal.invokers.TestMethodWorker.run(TestMethodWorker.java:128)
at java.base/java.util.ArrayList.forEach(ArrayList.java:1511)
at org.testng.TestRunner.privateRun(TestRunner.java:848)
at org.testng.TestRunner.run(TestRunner.java:621)
at org.testng.SuiteRunner.runTest(SuiteRunner.java:443)
at org.testng.SuiteRunner$SuiteWorker.run(SuiteRunner.java:481)
at org.testng.internal.thread.ThreadUtil.lambda$execute$0(ThreadUtil.java:58)
at java.base/java.util.concurrent.FutureTask.run(FutureTask.java:264)
at java.base/java.util.concurrent.ThreadPoolExecutor.runWorker(ThreadPoolExecutor.java:1136)
at java.base/java.util.concurrent.ThreadPoolExecutor$Worker.run(ThreadPoolExecutor.java:635)
at java.base/java.lang.Thread.run(Thread.java:833)
Caused by: java.lang.NegativeArraySizeException: -1
at com.GenericUtility.ExcelUtility.readMultipleDataFromExcel(ExcelUtility.java:66)
at com.organization.ReadMultipleDataProviderTest.getData(ReadMultipleDataProviderTest.java:50)
at java.base/jdk.internal.reflect.NativeMethodAccessorImpl.invoke0(Native Method)
at java.base/jdk.internal.reflect.NativeMethodAccessorImpl.invoke(NativeMethodAccessorImpl.java:77)
at java.base/jdk.internal.reflect.DelegatingMethodAccessorImpl.invoke(DelegatingMethodAccessorImpl.java:43)
at java.base/java.lang.reflect.Method.invoke(Method.java:568)
at org.testng.internal.invokers.MethodInvocationHelper.invokeMethod(MethodInvocationHelper.java:139)
at org.testng.internal.invokers.MethodInvocationHelper.invokeMethod(MethodInvocationHelper.java:84)
at org.testng.internal.invokers.MethodInvocationHelper.invokeMethodNoCheckedException(MethodInvocationHelper.java:53)
... 19 more
]]>
            </full-stacktrace>
          </exception> <!-- java.lang.RuntimeException -->
          <reporter-output>
          </reporter-output>
        </test-method> <!-- readmultipledata -->
        <test-method is-config="true" signature="acconfiguration()[pri:0, instance:com.organization.ReadMultipleDataProviderTest@7bd7d6d6]" started-at="2023-10-12T13:49:31 IST" name="acconfiguration" finished-at="2023-10-12T13:49:33 IST" duration-ms="1413" status="PASS">
          <reporter-output>
          </reporter-output>
        </test-method> <!-- acconfiguration -->
        <test-method is-config="true" signature="asconfiguration()[pri:0, instance:com.organization.ReadMultipleDataProviderTest@7bd7d6d6]" started-at="2023-10-12T13:49:42 IST" name="asconfiguration" finished-at="2023-10-12T13:49:42 IST" duration-ms="1" status="PASS">
          <reporter-output>
          </reporter-output>
        </test-method> <!-- asconfiguration -->
      </class> <!-- com.organization.ReadMultipleDataProviderTest -->
    </test> <!-- Test-Runner-2 -->
  </suite> <!-- Suite -->
</testng-results>
