<?xml version="1.0" encoding="UTF-8"?>
<testng-results ignored="0" total="2" passed="2" failed="0" skipped="0">
  <reporter-output>
    <line>
      <![CDATA[All States-537264033]]>
    </line>
    <line>
      <![CDATA[All States1068390516]]>
    </line>
  </reporter-output>
  <suite started-at="2023-10-14T17:53:40 IST" name="Suite" finished-at="2023-10-14T17:54:05 IST" duration-ms="25057">
    <groups>
      <group name="RegressionSuite">
        <method signature="OrganizationTest.OrganizationPage1()[pri:0, instance:com.organization.OrganizationTest@2767e23c]" name="OrganizationPage1" class="com.organization.OrganizationTest"/>
        <method signature="OrganizationTest.OrganizationPage1()[pri:0, instance:com.organization.OrganizationTest@66982506]" name="OrganizationPage1" class="com.organization.OrganizationTest"/>
      </group> <!-- RegressionSuite -->
      <group name="SmokeSuite">
        <method signature="OrganizationTest.OrganizationPage1()[pri:0, instance:com.organization.OrganizationTest@2767e23c]" name="OrganizationPage1" class="com.organization.OrganizationTest"/>
        <method signature="OrganizationTest.OrganizationPage1()[pri:0, instance:com.organization.OrganizationTest@66982506]" name="OrganizationPage1" class="com.organization.OrganizationTest"/>
      </group> <!-- SmokeSuite -->
    </groups>
    <test started-at="2023-10-14T17:53:40 IST" name="Test-Runner-Firefox" finished-at="2023-10-14T17:54:05 IST" duration-ms="24709">
      <class name="com.organization.OrganizationTest">
        <test-method is-config="true" signature="bsconfiguration()[pri:0, instance:com.organization.OrganizationTest@66982506]" started-at="2023-10-14T17:53:40 IST" name="bsconfiguration" finished-at="2023-10-14T17:53:40 IST" duration-ms="12" status="PASS">
          <reporter-output>
          </reporter-output>
        </test-method> <!-- bsconfiguration -->
        <test-method is-config="true" signature="bcconfiguration()[pri:0, instance:com.organization.OrganizationTest@66982506]" started-at="2023-10-14T17:53:41 IST" name="bcconfiguration" finished-at="2023-10-14T17:53:48 IST" duration-ms="7332" status="PASS">
          <reporter-output>
          </reporter-output>
        </test-method> <!-- bcconfiguration -->
        <test-method is-config="true" signature="bmconfiguration()[pri:0, instance:com.organization.OrganizationTest@66982506]" started-at="2023-10-14T17:53:48 IST" name="bmconfiguration" finished-at="2023-10-14T17:53:51 IST" duration-ms="2990" status="PASS">
          <reporter-output>
          </reporter-output>
        </test-method> <!-- bmconfiguration -->
        <test-method signature="OrganizationPage1()[pri:0, instance:com.organization.OrganizationTest@66982506]" started-at="2023-10-14T17:53:51 IST" name="OrganizationPage1" finished-at="2023-10-14T17:54:02 IST" duration-ms="10688" status="PASS">
          <reporter-output>
            <line>
              <![CDATA[All States-537264033]]>
            </line>
          </reporter-output>
        </test-method> <!-- OrganizationPage1 -->
        <test-method is-config="true" signature="amconfiguration()[pri:0, instance:com.organization.OrganizationTest@66982506]" started-at="2023-10-14T17:54:02 IST" name="amconfiguration" finished-at="2023-10-14T17:54:03 IST" duration-ms="1419" status="PASS">
          <reporter-output>
          </reporter-output>
        </test-method> <!-- amconfiguration -->
        <test-method is-config="true" signature="acconfiguration()[pri:0, instance:com.organization.OrganizationTest@66982506]" started-at="2023-10-14T17:54:03 IST" name="acconfiguration" finished-at="2023-10-14T17:54:05 IST" duration-ms="1567" status="PASS">
          <reporter-output>
          </reporter-output>
        </test-method> <!-- acconfiguration -->
        <test-method is-config="true" signature="asconfiguration()[pri:0, instance:com.organization.OrganizationTest@66982506]" started-at="2023-10-14T17:54:05 IST" name="asconfiguration" finished-at="2023-10-14T17:54:05 IST" duration-ms="1" status="PASS">
          <reporter-output>
          </reporter-output>
        </test-method> <!-- asconfiguration -->
      </class> <!-- com.organization.OrganizationTest -->
    </test> <!-- Test-Runner-Firefox -->
    <test started-at="2023-10-14T17:53:40 IST" name="Test-Runner-Edge" finished-at="2023-10-14T17:54:05 IST" duration-ms="25057">
      <class name="com.organization.OrganizationTest">
        <test-method is-config="true" signature="bcconfiguration()[pri:0, instance:com.organization.OrganizationTest@2767e23c]" started-at="2023-10-14T17:53:41 IST" name="bcconfiguration" finished-at="2023-10-14T17:53:48 IST" duration-ms="7376" status="PASS">
          <reporter-output>
          </reporter-output>
        </test-method> <!-- bcconfiguration -->
        <test-method is-config="true" signature="bmconfiguration()[pri:0, instance:com.organization.OrganizationTest@2767e23c]" started-at="2023-10-14T17:53:48 IST" name="bmconfiguration" finished-at="2023-10-14T17:53:51 IST" duration-ms="2785" status="PASS">
          <reporter-output>
          </reporter-output>
        </test-method> <!-- bmconfiguration -->
        <test-method signature="OrganizationPage1()[pri:0, instance:com.organization.OrganizationTest@2767e23c]" started-at="2023-10-14T17:53:51 IST" name="OrganizationPage1" finished-at="2023-10-14T17:54:02 IST" duration-ms="11187" status="PASS">
          <reporter-output>
            <line>
              <![CDATA[All States1068390516]]>
            </line>
          </reporter-output>
        </test-method> <!-- OrganizationPage1 -->
        <test-method is-config="true" signature="amconfiguration()[pri:0, instance:com.organization.OrganizationTest@2767e23c]" started-at="2023-10-14T17:54:02 IST" name="amconfiguration" finished-at="2023-10-14T17:54:04 IST" duration-ms="1364" status="PASS">
          <reporter-output>
          </reporter-output>
        </test-method> <!-- amconfiguration -->
        <test-method is-config="true" signature="acconfiguration()[pri:0, instance:com.organization.OrganizationTest@2767e23c]" started-at="2023-10-14T17:54:04 IST" name="acconfiguration" finished-at="2023-10-14T17:54:05 IST" duration-ms="1679" status="PASS">
          <reporter-output>
          </reporter-output>
        </test-method> <!-- acconfiguration -->
      </class> <!-- com.organization.OrganizationTest -->
    </test> <!-- Test-Runner-Edge -->
  </suite> <!-- Suite -->
</testng-results>
